<?xml version="1.0" encoding="UTF-8"?>
<testng-results ignored="0" total="2" passed="2" failed="0" skipped="0">
  <reporter-output>
  </reporter-output>
  <suite started-at="2024-08-31T21:03:35 CEST" name="TestSuite" finished-at="2024-08-31T21:03:38 CEST" duration-ms="3142">
    <groups>
    </groups>
    <test started-at="2024-08-31T21:03:35 CEST" name="APITests" finished-at="2024-08-31T21:03:38 CEST" duration-ms="3142">
      <class name="api.tests.ApiTests">
        <test-method signature="testPikachu()[pri:1, instance:api.tests.ApiTests@5e0826e7]" started-at="2024-08-31T21:03:35 CEST" name="testPikachu" description="Pikachu Test" finished-at="2024-08-31T21:03:37 CEST" duration-ms="2156" status="PASS">
          <reporter-output>
          </reporter-output>
        </test-method> <!-- testPikachu -->
        <test-method signature="testCharmander404()[pri:2, instance:api.tests.ApiTests@5e0826e7]" started-at="2024-08-31T21:03:37 CEST" name="testCharmander404" description="Charmander 404 Test" finished-at="2024-08-31T21:03:38 CEST" duration-ms="951" status="PASS">
          <reporter-output>
          </reporter-output>
        </test-method> <!-- testCharmander404 -->
      </class> <!-- api.tests.ApiTests -->
    </test> <!-- APITests -->
  </suite> <!-- TestSuite -->
</testng-results>
