<?xml version="1.0" encoding="UTF-8"?>
<testsuite xmlns:xsi="http://www.w3.org/2001/XMLSchema-instance" xsi:noNamespaceSchemaLocation="https://maven.apache.org/surefire/maven-surefire-plugin/xsd/surefire-test-report.xsd" version="3.0.2" name="TestSuite" time="3.514" tests="2" errors="0" skipped="0" failures="0">
  <properties>
[...]
</properties>
  <testcase name="testPikachu" classname="api.tests.ApiTests" time="2.158">
    <system-out><![CDATA[Status code: 200
Content type: application/json; charset=utf-8
Abilities: [static, lightning-rod]
]]></system-out>
    <system-err><![CDATA[SLF4J: Failed to load class "org.slf4j.impl.StaticLoggerBinder".
SLF4J: Defaulting to no-operation (NOP) logger implementation
SLF4J: See http://www.slf4j.org/codes.html#StaticLoggerBinder for further details.
]]></system-err>
  </testcase>
  <testcase name="testCharmander404" classname="api.tests.ApiTests" time="0.956">
    <system-out><![CDATA[Response Status Code: 404
Response Body: Resource Not Found
Response Headers: Matched-Stub-Id=41d79178-4fdb-49c3-99e6-c1ecf68aa336
Transfer-Encoding=chunked
]]></system-out>
  </testcase>
</testsuite>