<?xml version="1.0" encoding="UTF-8"?>
<testng-results ignored="0" total="1" passed="1" failed="0" skipped="0">
  <reporter-output>
  </reporter-output>
  <suite started-at="2024-08-31T20:13:22 CEST" name="Default suite" finished-at="2024-08-31T20:13:24 CEST" duration-ms="2149">
    <groups>
    </groups>
    <test started-at="2024-08-31T20:13:22 CEST" name="Default test" finished-at="2024-08-31T20:13:24 CEST" duration-ms="2149">
      <class name="api.tests.ApiTests">
        <test-method signature="testCharmander404()[pri:2, instance:api.tests.ApiTests@4b013c76]" started-at="2024-08-31T20:13:22 CEST" name="testCharmander404" description="Charmander 404 Test" finished-at="2024-08-31T20:13:24 CEST" duration-ms="2113" status="PASS">
          <reporter-output>
          </reporter-output>
        </test-method> <!-- testCharmander404 -->
      </class> <!-- api.tests.ApiTests -->
    </test> <!-- Default test -->
  </suite> <!-- Default suite -->
</testng-results>
